<?xml version="1.0" encoding="UTF-8"?>
<testsuite xmlns:xsi="http://www.w3.org/2001/XMLSchema-instance" xsi:noNamespaceSchemaLocation="https://maven.apache.org/surefire/maven-surefire-plugin/xsd/surefire-test-report.xsd" name="io.quarkus.workshop.superheroes.villain.VillainResourceTest" time="10.87" tests="13" errors="1" skipped="12" failures="0">
  <properties>
[...]
</properties>
  <testcase name="shouldGetInitialItems" classname="io.quarkus.workshop.superheroes.villain.VillainResourceTest" time="0.014">
    <error message="java.lang.reflect.InvocationTargetException" type="java.lang.RuntimeException">java.lang.RuntimeException: java.lang.reflect.InvocationTargetException
Caused by: java.lang.reflect.InvocationTargetException
Caused by: java.lang.ExceptionInInitializerError
Caused by: com.github.dockerjava.api.exception.NotFoundException: 
{"message":"No such image: quay.io/testcontainers/ryuk:0.2.3"}

</error>
  </testcase>
  <testcase name="shouldAddAnItem" classname="io.quarkus.workshop.superheroes.villain.VillainResourceTest" time="0">
    <skipped message="Boot failed" type="org.opentest4j.TestAbortedException">org.opentest4j.TestAbortedException: Boot failed
</skipped>
  </testcase>
  <testcase name="testUpdatingAnItem" classname="io.quarkus.workshop.superheroes.villain.VillainResourceTest" time="0">
    <skipped message="Boot failed" type="org.opentest4j.TestAbortedException">org.opentest4j.TestAbortedException: Boot failed
</skipped>
  </testcase>
  <testcase name="shouldRemoveAnItem" classname="io.quarkus.workshop.superheroes.villain.VillainResourceTest" time="0">
    <skipped message="Boot failed" type="org.opentest4j.TestAbortedException">org.opentest4j.TestAbortedException: Boot failed
</skipped>
  </testcase>
  <testcase name="shouldGetRandomVillain" classname="io.quarkus.workshop.superheroes.villain.VillainResourceTest" time="0">
    <skipped message="Boot failed" type="org.opentest4j.TestAbortedException">org.opentest4j.TestAbortedException: Boot failed
</skipped>
  </testcase>
  <testcase name="shouldPingSwaggerUI" classname="io.quarkus.workshop.superheroes.villain.VillainResourceTest" time="0">
    <skipped message="Boot failed" type="org.opentest4j.TestAbortedException">org.opentest4j.TestAbortedException: Boot failed
</skipped>
  </testcase>
  <testcase name="shouldPingMetrics" classname="io.quarkus.workshop.superheroes.villain.VillainResourceTest" time="0">
    <skipped message="Boot failed" type="org.opentest4j.TestAbortedException">org.opentest4j.TestAbortedException: Boot failed
</skipped>
  </testcase>
  <testcase name="shouldPingReadiness" classname="io.quarkus.workshop.superheroes.villain.VillainResourceTest" time="0">
    <skipped message="Boot failed" type="org.opentest4j.TestAbortedException">org.opentest4j.TestAbortedException: Boot failed
</skipped>
  </testcase>
  <testcase name="shouldNotAddInvalidItem" classname="io.quarkus.workshop.superheroes.villain.VillainResourceTest" time="0">
    <skipped message="Boot failed" type="org.opentest4j.TestAbortedException">org.opentest4j.TestAbortedException: Boot failed
</skipped>
  </testcase>
  <testcase name="shouldPingLiveness" classname="io.quarkus.workshop.superheroes.villain.VillainResourceTest" time="0">
    <skipped message="Boot failed" type="org.opentest4j.TestAbortedException">org.opentest4j.TestAbortedException: Boot failed
</skipped>
  </testcase>
  <testcase name="shouldNotGetUnknownVillain" classname="io.quarkus.workshop.superheroes.villain.VillainResourceTest" time="0">
    <skipped message="Boot failed" type="org.opentest4j.TestAbortedException">org.opentest4j.TestAbortedException: Boot failed
</skipped>
  </testcase>
  <testcase name="testHelloEndpoint" classname="io.quarkus.workshop.superheroes.villain.VillainResourceTest" time="0">
    <skipped message="Boot failed" type="org.opentest4j.TestAbortedException">org.opentest4j.TestAbortedException: Boot failed
</skipped>
  </testcase>
  <testcase name="shouldPingOpenAPI" classname="io.quarkus.workshop.superheroes.villain.VillainResourceTest" time="0">
    <skipped message="Boot failed" type="org.opentest4j.TestAbortedException">org.opentest4j.TestAbortedException: Boot failed
</skipped>
  </testcase>
</testsuite>